<?xml version="1.0" encoding="UTF-8"?>
<testsuite name="RobotChampProject.AppTest" tests="1" skipped="0" failures="0" errors="0" timestamp="2020-06-03T14:38:13" hostname="LM99-Win10" time="0.14">
  <properties/>
  <testcase name="appHasAGreeting()" classname="RobotChampProject.AppTest" time="0.14"/>
  <system-out><![CDATA[]]></system-out>
  <system-err><![CDATA[]]></system-err>
</testsuite>
